Change Component Footprint: Designator=D1 Old Footprint=VISH-DO-214AC-SMA-2_N New Footprint=VISH-DO-214AC-SMA-2_N
Change Component Footprint: Designator=D3 Old Footprint=VISH-DO-214AC-SMA-2_N New Footprint=VISH-DO-214AC-SMA-2_N
Change Component Footprint: Designator=D5 Old Footprint=VISH-DO-214AC-SMA-2_N New Footprint=VISH-DO-214AC-SMA-2_N
Change Component Footprint: Designator=D6 Old Footprint=VISH-DO-214AC-SMA-2_N New Footprint=VISH-DO-214AC-SMA-2_N
Change Component Footprint: Designator=D9 Old Footprint=VISH-DO-214AC-SMA-2_N New Footprint=VISH-DO-214AC-SMA-2_N
Change Component Footprint: Designator=D11 Old Footprint=VISH-DO-214AC-SMA-2_N New Footprint=VISH-DO-214AC-SMA-2_N
Added Component: Designator=P3(Conn10pin)
Add component. Clean all parameters for all variants
Add component (AddParameter): Name = "LatestRevisionDate"; Value = "17-Jul-2002"; VariantName = "[No Variations]"
Add component (AddParameter): Name = "LatestRevisionNote"; Value = "Re-released for DXP Platform."; VariantName = "[No Variations]"
Add component (AddParameter): Name = "Publisher"; Value = "Altium Limited"; VariantName = "[No Variations]"
Added Pin To Net: NetName=PACK- Pin=P3-1
Added Pin To Net: NetName=MIDPACK Pin=P3-2
Added Pin To Net: NetName=MIDCHARGER Pin=P3-3
Added Pin To Net: NetName=CHARGER+ Pin=P3-4
Added Pin To Net: NetName=PACK+ Pin=P3-5
Added Pin To Net: NetName=TS- Pin=P3-6
Added Pin To Net: NetName=CHARGER- Pin=P3-7
Added Pin To Net: NetName=MIDCHARGER Pin=P3-8
Added Pin To Net: NetName=TS+ Pin=P3-9
Added Member To Class: ClassName=ChargeControl2019 Member=Component P3 Header 5X2
